<?xml version="1.0" encoding="UTF-8"?>
<!-- Generated by org.testng.reporters.JUnitReportReporter -->
<testsuite hostname="DESKTOP-982KU37" failures="0" tests="4" name="org.rahulshetty.testrunner.GeneralStoreApkTestRunner" time="41.144" errors="1" timestamp="2023-11-23T17:57:20 IST" skipped="3">
  <testcase classname="org.rahulshetty.testrunner.GeneralStoreApkTestRunner" name="fillFormPositiveFlow" time="0.000">
    <skipped/>
  </testcase> <!-- fillFormPositiveFlow -->
  <testcase classname="org.rahulshetty.testrunner.GeneralStoreApkTestRunner" name="fillFormPositiveFlow" time="0.000">
    <skipped/>
  </testcase> <!-- fillFormPositiveFlow -->
  <testcase classname="org.rahulshetty.testrunner.GeneralStoreApkTestRunner" name="configuration" time="41.144">
    <error message="Could not start a new session. Response code 500. Message: An unknown server-side error occurred while processing the command. Original error: Trying to use a chromedriver binary at the path D:\Selenium with Java Programs\Appium By Rahul Shetty Sir\appium_framework_design\Driver\chromedriver.exe, but it doesn&#039;t exist! 
Host info: host: &#039;DESKTOP-982KU37&#039;, ip: &#039;192.168.43.71&#039;
Build info: version: &#039;4.15.0&#039;, revision: &#039;1d14b5521b&#039;
System info: os.name: &#039;Windows 10&#039;, os.arch: &#039;amd64&#039;, os.version: &#039;10.0&#039;, java.version: &#039;20.0.2&#039;
Driver info: io.appium.java_client.android.AndroidDriver
Command: [null, newSession {capabilities=[{browserName=Chrome, appium:chromedriverExecutable=D:\Selenium with Java Programs\Appium By Rahul Shetty Sir\appium_framework_design\Driver\chromedriver.exe, appium:deviceName=Demo, platformName=ANDROID, appium:automationName=UIAutomator2, appium:app=D:\Selenium with Java Programs\Appium By Rahul Shetty Sir\Appium_Demo\Resources\General-Store.apk}], desiredCapabilities=Capabilities {appium:app: D:\Selenium with Java Progr..., appium:automationName: UIAutomator2, appium:chromedriverExecutable: D:\Selenium with Java Progr..., appium:deviceName: Demo, browserName: Chrome, platformName: ANDROID}}]
Capabilities {appium:app: D:\Selenium with Java Progr..., appium:automationName: UIAutomator2, appium:chromedriverExecutable: D:\Selenium with Java Progr..., appium:deviceName: Demo, browserName: Chrome, platformName: ANDROID}" type="org.openqa.selenium.SessionNotCreatedException">
      <![CDATA[org.openqa.selenium.SessionNotCreatedException: Could not start a new session. Response code 500. Message: An unknown server-side error occurred while processing the command. Original error: Trying to use a chromedriver binary at the path D:\Selenium with Java Programs\Appium By Rahul Shetty Sir\appium_framework_design\Driver\chromedriver.exe, but it doesn't exist! 
Host info: host: 'DESKTOP-982KU37', ip: '192.168.43.71'
Build info: version: '4.15.0', revision: '1d14b5521b'
System info: os.name: 'Windows 10', os.arch: 'amd64', os.version: '10.0', java.version: '20.0.2'
Driver info: io.appium.java_client.android.AndroidDriver
Command: [null, newSession {capabilities=[{browserName=Chrome, appium:chromedriverExecutable=D:\Selenium with Java Programs\Appium By Rahul Shetty Sir\appium_framework_design\Driver\chromedriver.exe, appium:deviceName=Demo, platformName=ANDROID, appium:automationName=UIAutomator2, appium:app=D:\Selenium with Java Programs\Appium By Rahul Shetty Sir\Appium_Demo\Resources\General-Store.apk}], desiredCapabilities=Capabilities {appium:app: D:\Selenium with Java Progr..., appium:automationName: UIAutomator2, appium:chromedriverExecutable: D:\Selenium with Java Progr..., appium:deviceName: Demo, browserName: Chrome, platformName: ANDROID}}]
Capabilities {appium:app: D:\Selenium with Java Progr..., appium:automationName: UIAutomator2, appium:chromedriverExecutable: D:\Selenium with Java Progr..., appium:deviceName: Demo, browserName: Chrome, platformName: ANDROID}
at org.openqa.selenium.remote.ProtocolHandshake.createSession(ProtocolHandshake.java:140)
at java.base/jdk.internal.reflect.DirectMethodHandleAccessor.invoke(DirectMethodHandleAccessor.java:104)
at java.base/java.lang.reflect.Method.invoke(Method.java:578)
at io.appium.java_client.remote.AppiumProtocolHandshake.createSession(AppiumProtocolHandshake.java:133)
at io.appium.java_client.remote.AppiumProtocolHandshake.createSession(AppiumProtocolHandshake.java:102)
at io.appium.java_client.remote.AppiumCommandExecutor.createSession(AppiumCommandExecutor.java:182)
at io.appium.java_client.remote.AppiumCommandExecutor.execute(AppiumCommandExecutor.java:250)
at org.openqa.selenium.remote.RemoteWebDriver.execute(RemoteWebDriver.java:602)
at io.appium.java_client.AppiumDriver.startSession(AppiumDriver.java:274)
at org.openqa.selenium.remote.RemoteWebDriver.<init>(RemoteWebDriver.java:163)
at io.appium.java_client.AppiumDriver.<init>(AppiumDriver.java:89)
at io.appium.java_client.AppiumDriver.<init>(AppiumDriver.java:101)
at io.appium.java_client.android.AndroidDriver.<init>(AndroidDriver.java:113)
at org.rahulshetty.utils.AndroidUtil.configuration(AndroidUtil.java:91)
at org.rahulshetty.testrunner.BaseTest.configuration(BaseTest.java:20)
at java.base/jdk.internal.reflect.DirectMethodHandleAccessor.invoke(DirectMethodHandleAccessor.java:104)
at java.base/java.lang.reflect.Method.invoke(Method.java:578)
at org.testng.internal.invokers.MethodInvocationHelper.invokeMethod(MethodInvocationHelper.java:139)
at org.testng.internal.invokers.MethodInvocationHelper.invokeMethodConsideringTimeout(MethodInvocationHelper.java:69)
at org.testng.internal.invokers.ConfigInvoker.invokeConfigurationMethod(ConfigInvoker.java:390)
at org.testng.internal.invokers.ConfigInvoker.invokeConfigurations(ConfigInvoker.java:325)
at org.testng.internal.invokers.TestInvoker.runConfigMethods(TestInvoker.java:810)
at org.testng.internal.invokers.TestInvoker.invokeMethod(TestInvoker.java:577)
at org.testng.internal.invokers.TestInvoker.invokeTestMethod(TestInvoker.java:227)
at org.testng.internal.invokers.MethodRunner.runInSequence(MethodRunner.java:50)
at org.testng.internal.invokers.TestInvoker$MethodInvocationAgent.invoke(TestInvoker.java:957)
at org.testng.internal.invokers.TestInvoker.invokeTestMethods(TestInvoker.java:200)
at org.testng.internal.invokers.TestMethodWorker.invokeTestMethods(TestMethodWorker.java:148)
at org.testng.internal.invokers.TestMethodWorker.run(TestMethodWorker.java:128)
at java.base/java.util.ArrayList.forEach(ArrayList.java:1511)
at org.testng.TestRunner.privateRun(TestRunner.java:848)
at org.testng.TestRunner.run(TestRunner.java:621)
at org.testng.SuiteRunner.runTest(SuiteRunner.java:443)
at org.testng.SuiteRunner.runSequentially(SuiteRunner.java:437)
at org.testng.SuiteRunner.privateRun(SuiteRunner.java:397)
at org.testng.SuiteRunner.run(SuiteRunner.java:336)
at org.testng.SuiteRunnerWorker.runSuite(SuiteRunnerWorker.java:52)
at org.testng.SuiteRunnerWorker.run(SuiteRunnerWorker.java:95)
at org.testng.TestNG.runSuitesSequentially(TestNG.java:1280)
at org.testng.TestNG.runSuitesLocally(TestNG.java:1200)
at org.testng.TestNG.runSuites(TestNG.java:1114)
at org.testng.TestNG.run(TestNG.java:1082)
at org.testng.remote.AbstractRemoteTestNG.run(AbstractRemoteTestNG.java:115)
at org.testng.remote.RemoteTestNG.initAndRun(RemoteTestNG.java:251)
at org.testng.remote.RemoteTestNG.main(RemoteTestNG.java:77)
]]>
    </error>
  </testcase> <!-- configuration -->
  <testcase classname="org.rahulshetty.testrunner.GeneralStoreApkTestRunner" name="fillFormErrorValidation" time="0.000">
    <skipped/>
  </testcase> <!-- fillFormErrorValidation -->
</testsuite> <!-- org.rahulshetty.testrunner.GeneralStoreApkTestRunner -->
